<?xml version="1.0" encoding="UTF-8"?>
<testng-results skipped="0" failed="0" ignored="0" total="1" passed="1">
  <reporter-output>
  </reporter-output>
  <suite name="Default suite" duration-ms="57883" started-at="2019-06-11T05:04:25Z" finished-at="2019-06-11T05:05:23Z">
    <groups>
    </groups>
    <test name="Default test" duration-ms="57883" started-at="2019-06-11T05:04:25Z" finished-at="2019-06-11T05:05:23Z">
      <class name="Testing.Jenkins_Test">
        <test-method status="PASS" signature="beforeTest()[pri:0, instance:Testing.Jenkins_Test@4b9e13df]" name="beforeTest" is-config="true" duration-ms="12066" started-at="2019-06-11T05:04:25Z" finished-at="2019-06-11T05:04:37Z">
          <reporter-output>
          </reporter-output>
        </test-method> <!-- beforeTest -->
        <test-method status="PASS" signature="f()[pri:0, instance:Testing.Jenkins_Test@4b9e13df]" name="f" duration-ms="45569" started-at="2019-06-11T05:04:37Z" finished-at="2019-06-11T05:05:23Z">
          <reporter-output>
          </reporter-output>
        </test-method> <!-- f -->
        <test-method status="PASS" signature="afterTest()[pri:0, instance:Testing.Jenkins_Test@4b9e13df]" name="afterTest" is-config="true" duration-ms="215" started-at="2019-06-11T05:05:23Z" finished-at="2019-06-11T05:05:23Z">
          <reporter-output>
          </reporter-output>
        </test-method> <!-- afterTest -->
      </class> <!-- Testing.Jenkins_Test -->
    </test> <!-- Default test -->
  </suite> <!-- Default suite -->
</testng-results>
